<?xml version="1.0" encoding="utf-8"?><testsuites name="pytest tests"><testsuite name="pytest" errors="0" failures="0" skipped="0" tests="22" time="0.991" timestamp="2026-02-17T02:27:46.951718+00:00" hostname="agent-env-22b3a969-4570-46fb-9d39-c57c1b28fdc8"><testcase classname="backend.tests.test_baggo_backend.TestHealthCheck" name="test_health_endpoint_returns_200" time="0.003" /><testcase classname="backend.tests.test_baggo_backend.TestPaymentGatewayDetection" name="test_ng_returns_paystack" time="0.002" /><testcase classname="backend.tests.test_baggo_backend.TestPaymentGatewayDetection" name="test_gh_returns_paystack" time="0.002" /><testcase classname="backend.tests.test_baggo_backend.TestPaymentGatewayDetection" name="test_ke_returns_paystack" time="0.001" /><testcase classname="backend.tests.test_baggo_backend.TestPaymentGatewayDetection" name="test_za_returns_paystack" time="0.001" /><testcase classname="backend.tests.test_baggo_backend.TestPaymentGatewayDetection" name="test_gb_returns_stripe" time="0.001" /><testcase classname="backend.tests.test_baggo_backend.TestPaymentGatewayDetection" name="test_us_returns_stripe" time="0.001" /><testcase classname="backend.tests.test_baggo_backend.TestPaymentGatewayDetection" name="test_lowercase_country_code" time="0.001" /><testcase classname="backend.tests.test_baggo_backend.TestPaymentGatewayDetection" name="test_unknown_country_returns_stripe" time="0.001" /><testcase classname="backend.tests.test_baggo_backend.TestRouteSearch" name="test_search_without_params_returns_error" time="0.001" /><testcase classname="backend.tests.test_baggo_backend.TestRouteSearch" name="test_search_by_from_city" time="0.106" /><testcase classname="backend.tests.test_baggo_backend.TestRouteSearch" name="test_search_by_to_city" time="0.106" /><testcase classname="backend.tests.test_baggo_backend.TestRouteSearch" name="test_search_by_from_country" time="0.106" /><testcase classname="backend.tests.test_baggo_backend.TestRouteSearch" name="test_search_by_to_country" time="0.107" /><testcase classname="backend.tests.test_baggo_backend.TestRouteSearch" name="test_search_with_multiple_params" time="0.107" /><testcase classname="backend.tests.test_baggo_backend.TestCalculatePrice" name="test_calculate_price_missing_params" time="0.002" /><testcase classname="backend.tests.test_baggo_backend.TestCalculatePrice" name="test_calculate_price_invalid_route_id" time="0.002" /><testcase classname="backend.tests.test_baggo_backend.TestCalculatePrice" name="test_calculate_price_nonexistent_route" time="0.106" /><testcase classname="backend.tests.test_baggo_backend.TestTripPricing" name="test_trip_pricing_missing_params" time="0.001" /><testcase classname="backend.tests.test_baggo_backend.TestTripPricing" name="test_trip_pricing_route_not_found" time="0.212" /><testcase classname="backend.tests.test_baggo_backend.TestTripPricing" name="test_trip_pricing_partial_params" time="0.002" /><testcase classname="backend.tests.test_baggo_backend.TestRootAndMiscEndpoints" name="test_root_endpoint" time="0.001" /></testsuite></testsuites>